2021-01-31 09:47:33,663| ERROR 
Value cannot be null. (Parameter 'method')
【自定义错误】：Value cannot be null. (Parameter 'method') 
【异常类型】：ArgumentNullException 
【异常信息】：Value cannot be null. (Parameter 'method') 
【堆栈调用】：   at System.Linq.Expressions.Expression.Call(Expression instance, MethodInfo method, Expression arg0)
   at System.Linq.Expressions.Expression.Call(Expression instance, MethodInfo method, IEnumerable`1 arguments)
   at LES.Core.Extensions.Others.PredicateExtensions.GetConditionExpressionForHighFieldByAnd[T](List`1 hsmList) in D:\数瀛信息科技\公司项目\广州西门子原材料立体库\低压线圈\src\LES.Core\LES.Core.Extensions\Others\PredicateExtensions.cs:line 171
   at LES.Core.Extensions.Others.WhereConditionsExtensions.GetWhereConditions[T,TParam](TParam param) in D:\数瀛信息科技\公司项目\广州西门子原材料立体库\低压线圈\src\LES.Core\LES.Core.Extensions\Others\WhereConditionsExtensions.cs:line 102
   at LES.Core.Controllers.RoleController.Get(RoleParam param) in D:\数瀛信息科技\公司项目\广州西门子原材料立体库\低压线圈\src\LES.Core\LES.Core.Api\Controllers\RoleController.cs:line 72
   at lambda_method713(Closure , Object )
   at Microsoft.AspNetCore.Mvc.Infrastructure.ActionMethodExecutor.AwaitableObjectResultExecutor.Execute(IActionResultTypeMapper mapper, ObjectMethodExecutor executor, Object controller, Object[] arguments)
   at Microsoft.AspNetCore.Mvc.Infrastructure.ControllerActionInvoker.<InvokeActionMethodAsync>g__Logged|12_1(ControllerActionInvoker invoker)
   at Microsoft.AspNetCore.Mvc.Infrastructure.ControllerActionInvoker.<InvokeNextActionFilterAsync>g__Awaited|10_0(ControllerActionInvoker invoker, Task lastTask, State next, Scope scope, Object state, Boolean isCompleted)
   at Microsoft.AspNetCore.Mvc.Infrastructure.ControllerActionInvoker.Rethrow(ActionExecutedContextSealed context)
   at Microsoft.AspNetCore.Mvc.Infrastructure.ControllerActionInvoker.Next(State& next, Scope& scope, Object& state, Boolean& isCompleted)
   at Microsoft.AspNetCore.Mvc.Infrastructure.ControllerActionInvoker.InvokeInnerFilterAsync()
--- End of stack trace from previous location ---
   at Microsoft.AspNetCore.Mvc.Infrastructure.ResourceInvoker.<InvokeNextExceptionFilterAsync>g__Awaited|25_0(ResourceInvoker invoker, Task lastTask, State next, Scope scope, Object state, Boolean isCompleted)
--------------------------------
2021-01-31 10:14:50,029| ERROR 
Ambiguous match found.
【自定义错误】：Ambiguous match found. 
【异常类型】：AmbiguousMatchException 
【异常信息】：Ambiguous match found. 
【堆栈调用】：   at System.RuntimeType.GetMethodImplCommon(String name, Int32 genericParameterCount, BindingFlags bindingAttr, Binder binder, CallingConventions callConv, Type[] types, ParameterModifier[] modifiers)
   at System.RuntimeType.GetMethodImpl(String name, BindingFlags bindingAttr, Binder binder, CallingConventions callConv, Type[] types, ParameterModifier[] modifiers)
   at System.Type.GetMethod(String name, BindingFlags bindingAttr)
   at LES.Core.Extensions.Others.WhereHelper`1.Contains(String propertyName, String value) in D:\数瀛信息科技\公司项目\广州西门子原材料立体库\低压线圈\src\LES.Core\LES.Core.Extensions\Others\WhereHelper.cs:line 64
   at LES.Core.Extensions.Others.PredicateExtensions.GetConditionExpressionForHighFieldByAnd[T](List`1 hsmList) in D:\数瀛信息科技\公司项目\广州西门子原材料立体库\低压线圈\src\LES.Core\LES.Core.Extensions\Others\PredicateExtensions.cs:line 211
   at LES.Core.Extensions.Others.WhereConditionsExtensions.GetWhereConditions[T,TParam](TParam param) in D:\数瀛信息科技\公司项目\广州西门子原材料立体库\低压线圈\src\LES.Core\LES.Core.Extensions\Others\WhereConditionsExtensions.cs:line 102
   at LES.Core.Controllers.RoleController.Get(RoleParam param) in D:\数瀛信息科技\公司项目\广州西门子原材料立体库\低压线圈\src\LES.Core\LES.Core.Api\Controllers\RoleController.cs:line 72
   at lambda_method546(Closure , Object )
   at Microsoft.AspNetCore.Mvc.Infrastructure.ActionMethodExecutor.AwaitableObjectResultExecutor.Execute(IActionResultTypeMapper mapper, ObjectMethodExecutor executor, Object controller, Object[] arguments)
   at Microsoft.AspNetCore.Mvc.Infrastructure.ControllerActionInvoker.<InvokeActionMethodAsync>g__Logged|12_1(ControllerActionInvoker invoker)
   at Microsoft.AspNetCore.Mvc.Infrastructure.ControllerActionInvoker.<InvokeNextActionFilterAsync>g__Awaited|10_0(ControllerActionInvoker invoker, Task lastTask, State next, Scope scope, Object state, Boolean isCompleted)
   at Microsoft.AspNetCore.Mvc.Infrastructure.ControllerActionInvoker.Rethrow(ActionExecutedContextSealed context)
   at Microsoft.AspNetCore.Mvc.Infrastructure.ControllerActionInvoker.Next(State& next, Scope& scope, Object& state, Boolean& isCompleted)
   at Microsoft.AspNetCore.Mvc.Infrastructure.ControllerActionInvoker.InvokeInnerFilterAsync()
--- End of stack trace from previous location ---
   at Microsoft.AspNetCore.Mvc.Infrastructure.ResourceInvoker.<InvokeNextExceptionFilterAsync>g__Awaited|25_0(ResourceInvoker invoker, Task lastTask, State next, Scope scope, Object state, Boolean isCompleted)
--------------------------------
2021-01-31 10:16:44,964| ERROR 
Ambiguous match found.
【自定义错误】：Ambiguous match found. 
【异常类型】：AmbiguousMatchException 
【异常信息】：Ambiguous match found. 
【堆栈调用】：   at System.RuntimeType.GetMethodImplCommon(String name, Int32 genericParameterCount, BindingFlags bindingAttr, Binder binder, CallingConventions callConv, Type[] types, ParameterModifier[] modifiers)
   at System.RuntimeType.GetMethodImpl(String name, BindingFlags bindingAttr, Binder binder, CallingConventions callConv, Type[] types, ParameterModifier[] modifiers)
   at System.Type.GetMethod(String name, BindingFlags bindingAttr)
   at LES.Core.Extensions.Others.WhereHelper`1.Contains(String propertyName, String value) in D:\数瀛信息科技\公司项目\广州西门子原材料立体库\低压线圈\src\LES.Core\LES.Core.Extensions\Others\WhereHelper.cs:line 64
   at LES.Core.Extensions.Others.PredicateExtensions.GetConditionExpressionForHighFieldByAnd[T](List`1 hsmList) in D:\数瀛信息科技\公司项目\广州西门子原材料立体库\低压线圈\src\LES.Core\LES.Core.Extensions\Others\PredicateExtensions.cs:line 211
   at LES.Core.Extensions.Others.WhereConditionsExtensions.GetWhereConditions[T,TParam](TParam param) in D:\数瀛信息科技\公司项目\广州西门子原材料立体库\低压线圈\src\LES.Core\LES.Core.Extensions\Others\WhereConditionsExtensions.cs:line 102
   at LES.Core.Controllers.RoleController.Get(RoleParam param) in D:\数瀛信息科技\公司项目\广州西门子原材料立体库\低压线圈\src\LES.Core\LES.Core.Api\Controllers\RoleController.cs:line 72
   at lambda_method546(Closure , Object )
   at Microsoft.AspNetCore.Mvc.Infrastructure.ActionMethodExecutor.AwaitableObjectResultExecutor.Execute(IActionResultTypeMapper mapper, ObjectMethodExecutor executor, Object controller, Object[] arguments)
   at Microsoft.AspNetCore.Mvc.Infrastructure.ControllerActionInvoker.<InvokeActionMethodAsync>g__Logged|12_1(ControllerActionInvoker invoker)
   at Microsoft.AspNetCore.Mvc.Infrastructure.ControllerActionInvoker.<InvokeNextActionFilterAsync>g__Awaited|10_0(ControllerActionInvoker invoker, Task lastTask, State next, Scope scope, Object state, Boolean isCompleted)
   at Microsoft.AspNetCore.Mvc.Infrastructure.ControllerActionInvoker.Rethrow(ActionExecutedContextSealed context)
   at Microsoft.AspNetCore.Mvc.Infrastructure.ControllerActionInvoker.Next(State& next, Scope& scope, Object& state, Boolean& isCompleted)
   at Microsoft.AspNetCore.Mvc.Infrastructure.ControllerActionInvoker.InvokeInnerFilterAsync()
--- End of stack trace from previous location ---
   at Microsoft.AspNetCore.Mvc.Infrastructure.ResourceInvoker.<InvokeNextExceptionFilterAsync>g__Awaited|25_0(ResourceInvoker invoker, Task lastTask, State next, Scope scope, Object state, Boolean isCompleted)
--------------------------------
2021-01-31 10:29:30,400| ERROR 
The binary operator GreaterThanOrEqual is not defined for the types 'System.String' and 'System.String'.
【自定义错误】：The binary operator GreaterThanOrEqual is not defined for the types 'System.String' and 'System.String'. 
【异常类型】：InvalidOperationException 
【异常信息】：The binary operator GreaterThanOrEqual is not defined for the types 'System.String' and 'System.String'. 
【堆栈调用】：   at System.Linq.Expressions.Expression.GetUserDefinedBinaryOperatorOrThrow(ExpressionType binaryType, String name, Expression left, Expression right, Boolean liftToNull)
   at System.Linq.Expressions.Expression.GetComparisonOperator(ExpressionType binaryType, String opName, Expression left, Expression right, Boolean liftToNull)
   at System.Linq.Expressions.Expression.GreaterThanOrEqual(Expression left, Expression right, Boolean liftToNull, MethodInfo method)
   at System.Linq.Expressions.Expression.GreaterThanOrEqual(Expression left, Expression right)
   at LES.Core.Extensions.Others.WhereHelper`1.GreaterThanOrEqual(String propertyName, Object value) in D:\数瀛信息科技\公司项目\广州西门子原材料立体库\低压线圈\src\LES.Core\LES.Core.Extensions\Others\WhereHelper.cs:line 107
   at LES.Core.Extensions.Others.PredicateExtensions.GetConditionExpressionForHighFieldByAnd[T](List`1 hsmList) in D:\数瀛信息科技\公司项目\广州西门子原材料立体库\低压线圈\src\LES.Core\LES.Core.Extensions\Others\PredicateExtensions.cs:line 201
   at LES.Core.Extensions.Others.WhereConditionsExtensions.GetWhereConditions[T,TParam](TParam param) in D:\数瀛信息科技\公司项目\广州西门子原材料立体库\低压线圈\src\LES.Core\LES.Core.Extensions\Others\WhereConditionsExtensions.cs:line 102
   at LES.Core.Controllers.RoleController.Get(RoleParam param) in D:\数瀛信息科技\公司项目\广州西门子原材料立体库\低压线圈\src\LES.Core\LES.Core.Api\Controllers\RoleController.cs:line 72
   at lambda_method546(Closure , Object )
   at Microsoft.AspNetCore.Mvc.Infrastructure.ActionMethodExecutor.AwaitableObjectResultExecutor.Execute(IActionResultTypeMapper mapper, ObjectMethodExecutor executor, Object controller, Object[] arguments)
   at Microsoft.AspNetCore.Mvc.Infrastructure.ControllerActionInvoker.<InvokeActionMethodAsync>g__Logged|12_1(ControllerActionInvoker invoker)
   at Microsoft.AspNetCore.Mvc.Infrastructure.ControllerActionInvoker.<InvokeNextActionFilterAsync>g__Awaited|10_0(ControllerActionInvoker invoker, Task lastTask, State next, Scope scope, Object state, Boolean isCompleted)
   at Microsoft.AspNetCore.Mvc.Infrastructure.ControllerActionInvoker.Rethrow(ActionExecutedContextSealed context)
   at Microsoft.AspNetCore.Mvc.Infrastructure.ControllerActionInvoker.Next(State& next, Scope& scope, Object& state, Boolean& isCompleted)
   at Microsoft.AspNetCore.Mvc.Infrastructure.ControllerActionInvoker.InvokeInnerFilterAsync()
--- End of stack trace from previous location ---
   at Microsoft.AspNetCore.Mvc.Infrastructure.ResourceInvoker.<InvokeNextExceptionFilterAsync>g__Awaited|25_0(ResourceInvoker invoker, Task lastTask, State next, Scope scope, Object state, Boolean isCompleted)
--------------------------------
2021-01-31 10:34:08,605| ERROR 
The binary operator GreaterThanOrEqual is not defined for the types 'System.String' and 'System.String'.
【自定义错误】：The binary operator GreaterThanOrEqual is not defined for the types 'System.String' and 'System.String'. 
【异常类型】：InvalidOperationException 
【异常信息】：The binary operator GreaterThanOrEqual is not defined for the types 'System.String' and 'System.String'. 
【堆栈调用】：   at System.Linq.Expressions.Expression.GetUserDefinedBinaryOperatorOrThrow(ExpressionType binaryType, String name, Expression left, Expression right, Boolean liftToNull)
   at System.Linq.Expressions.Expression.GetComparisonOperator(ExpressionType binaryType, String opName, Expression left, Expression right, Boolean liftToNull)
   at System.Linq.Expressions.Expression.GreaterThanOrEqual(Expression left, Expression right, Boolean liftToNull, MethodInfo method)
   at System.Linq.Expressions.Expression.GreaterThanOrEqual(Expression left, Expression right)
   at LES.Core.Extensions.Others.WhereHelper`1.GreaterThanOrEqual(String propertyName, Object value) in D:\数瀛信息科技\公司项目\广州西门子原材料立体库\低压线圈\src\LES.Core\LES.Core.Extensions\Others\WhereHelper.cs:line 107
   at LES.Core.Extensions.Others.PredicateExtensions.GetConditionExpressionForHighFieldByAnd[T](List`1 hsmList) in D:\数瀛信息科技\公司项目\广州西门子原材料立体库\低压线圈\src\LES.Core\LES.Core.Extensions\Others\PredicateExtensions.cs:line 201
   at LES.Core.Extensions.Others.WhereConditionsExtensions.GetWhereConditions[T,TParam](TParam param) in D:\数瀛信息科技\公司项目\广州西门子原材料立体库\低压线圈\src\LES.Core\LES.Core.Extensions\Others\WhereConditionsExtensions.cs:line 102
   at LES.Core.Controllers.RoleController.Get(RoleParam param) in D:\数瀛信息科技\公司项目\广州西门子原材料立体库\低压线圈\src\LES.Core\LES.Core.Api\Controllers\RoleController.cs:line 72
   at lambda_method546(Closure , Object )
   at Microsoft.AspNetCore.Mvc.Infrastructure.ActionMethodExecutor.AwaitableObjectResultExecutor.Execute(IActionResultTypeMapper mapper, ObjectMethodExecutor executor, Object controller, Object[] arguments)
   at Microsoft.AspNetCore.Mvc.Infrastructure.ControllerActionInvoker.<InvokeActionMethodAsync>g__Logged|12_1(ControllerActionInvoker invoker)
   at Microsoft.AspNetCore.Mvc.Infrastructure.ControllerActionInvoker.<InvokeNextActionFilterAsync>g__Awaited|10_0(ControllerActionInvoker invoker, Task lastTask, State next, Scope scope, Object state, Boolean isCompleted)
   at Microsoft.AspNetCore.Mvc.Infrastructure.ControllerActionInvoker.Rethrow(ActionExecutedContextSealed context)
   at Microsoft.AspNetCore.Mvc.Infrastructure.ControllerActionInvoker.Next(State& next, Scope& scope, Object& state, Boolean& isCompleted)
   at Microsoft.AspNetCore.Mvc.Infrastructure.ControllerActionInvoker.InvokeInnerFilterAsync()
--- End of stack trace from previous location ---
   at Microsoft.AspNetCore.Mvc.Infrastructure.ResourceInvoker.<InvokeNextExceptionFilterAsync>g__Awaited|25_0(ResourceInvoker invoker, Task lastTask, State next, Scope scope, Object state, Boolean isCompleted)
--------------------------------
2021-01-31 10:41:29,275| ERROR 
The binary operator GreaterThanOrEqual is not defined for the types 'System.String' and 'System.String'.
【自定义错误】：The binary operator GreaterThanOrEqual is not defined for the types 'System.String' and 'System.String'. 
【异常类型】：InvalidOperationException 
【异常信息】：The binary operator GreaterThanOrEqual is not defined for the types 'System.String' and 'System.String'. 
【堆栈调用】：   at System.Linq.Expressions.Expression.GetUserDefinedBinaryOperatorOrThrow(ExpressionType binaryType, String name, Expression left, Expression right, Boolean liftToNull)
   at System.Linq.Expressions.Expression.GetComparisonOperator(ExpressionType binaryType, String opName, Expression left, Expression right, Boolean liftToNull)
   at System.Linq.Expressions.Expression.GreaterThanOrEqual(Expression left, Expression right, Boolean liftToNull, MethodInfo method)
   at System.Linq.Expressions.Expression.GreaterThanOrEqual(Expression left, Expression right)
   at LES.Core.Extensions.Others.WhereHelper`1.GreaterThanOrEqual(String propertyName, Object value) in D:\数瀛信息科技\公司项目\广州西门子原材料立体库\低压线圈\src\LES.Core\LES.Core.Extensions\Others\WhereHelper.cs:line 120
   at LES.Core.Extensions.Others.PredicateExtensions.GetConditionExpressionForHighFieldByAnd[T](List`1 hsmList) in D:\数瀛信息科技\公司项目\广州西门子原材料立体库\低压线圈\src\LES.Core\LES.Core.Extensions\Others\PredicateExtensions.cs:line 201
   at LES.Core.Extensions.Others.WhereConditionsExtensions.GetWhereConditions[T,TParam](TParam param) in D:\数瀛信息科技\公司项目\广州西门子原材料立体库\低压线圈\src\LES.Core\LES.Core.Extensions\Others\WhereConditionsExtensions.cs:line 102
   at LES.Core.Controllers.RoleController.Get(RoleParam param) in D:\数瀛信息科技\公司项目\广州西门子原材料立体库\低压线圈\src\LES.Core\LES.Core.Api\Controllers\RoleController.cs:line 72
   at lambda_method546(Closure , Object )
   at Microsoft.AspNetCore.Mvc.Infrastructure.ActionMethodExecutor.AwaitableObjectResultExecutor.Execute(IActionResultTypeMapper mapper, ObjectMethodExecutor executor, Object controller, Object[] arguments)
   at Microsoft.AspNetCore.Mvc.Infrastructure.ControllerActionInvoker.<InvokeActionMethodAsync>g__Logged|12_1(ControllerActionInvoker invoker)
   at Microsoft.AspNetCore.Mvc.Infrastructure.ControllerActionInvoker.<InvokeNextActionFilterAsync>g__Awaited|10_0(ControllerActionInvoker invoker, Task lastTask, State next, Scope scope, Object state, Boolean isCompleted)
   at Microsoft.AspNetCore.Mvc.Infrastructure.ControllerActionInvoker.Rethrow(ActionExecutedContextSealed context)
   at Microsoft.AspNetCore.Mvc.Infrastructure.ControllerActionInvoker.Next(State& next, Scope& scope, Object& state, Boolean& isCompleted)
   at Microsoft.AspNetCore.Mvc.Infrastructure.ControllerActionInvoker.InvokeInnerFilterAsync()
--- End of stack trace from previous location ---
   at Microsoft.AspNetCore.Mvc.Infrastructure.ResourceInvoker.<InvokeNextExceptionFilterAsync>g__Awaited|25_0(ResourceInvoker invoker, Task lastTask, State next, Scope scope, Object state, Boolean isCompleted)
--------------------------------
2021-01-31 10:48:18,241| ERROR 
The binary operator GreaterThanOrEqual is not defined for the types 'System.String' and 'System.String'.
【自定义错误】：The binary operator GreaterThanOrEqual is not defined for the types 'System.String' and 'System.String'. 
【异常类型】：InvalidOperationException 
【异常信息】：The binary operator GreaterThanOrEqual is not defined for the types 'System.String' and 'System.String'. 
【堆栈调用】：   at System.Linq.Expressions.Expression.GetUserDefinedBinaryOperatorOrThrow(ExpressionType binaryType, String name, Expression left, Expression right, Boolean liftToNull)
   at System.Linq.Expressions.Expression.GetComparisonOperator(ExpressionType binaryType, String opName, Expression left, Expression right, Boolean liftToNull)
   at System.Linq.Expressions.Expression.GreaterThanOrEqual(Expression left, Expression right, Boolean liftToNull, MethodInfo method)
   at System.Linq.Expressions.Expression.GreaterThanOrEqual(Expression left, Expression right)
   at LES.Core.Extensions.Others.WhereHelper`1.GreaterThanOrEqual(String propertyName, Object value) in D:\数瀛信息科技\公司项目\广州西门子原材料立体库\低压线圈\src\LES.Core\LES.Core.Extensions\Others\WhereHelper.cs:line 120
   at LES.Core.Extensions.Others.PredicateExtensions.GetConditionExpressionForHighFieldByAnd[T](List`1 hsmList) in D:\数瀛信息科技\公司项目\广州西门子原材料立体库\低压线圈\src\LES.Core\LES.Core.Extensions\Others\PredicateExtensions.cs:line 201
   at LES.Core.Extensions.Others.WhereConditionsExtensions.GetWhereConditions[T,TParam](TParam param) in D:\数瀛信息科技\公司项目\广州西门子原材料立体库\低压线圈\src\LES.Core\LES.Core.Extensions\Others\WhereConditionsExtensions.cs:line 102
   at LES.Core.Controllers.RoleController.Get(RoleParam param) in D:\数瀛信息科技\公司项目\广州西门子原材料立体库\低压线圈\src\LES.Core\LES.Core.Api\Controllers\RoleController.cs:line 72
   at lambda_method668(Closure , Object )
   at Microsoft.AspNetCore.Mvc.Infrastructure.ActionMethodExecutor.AwaitableObjectResultExecutor.Execute(IActionResultTypeMapper mapper, ObjectMethodExecutor executor, Object controller, Object[] arguments)
   at Microsoft.AspNetCore.Mvc.Infrastructure.ControllerActionInvoker.<InvokeActionMethodAsync>g__Logged|12_1(ControllerActionInvoker invoker)
   at Microsoft.AspNetCore.Mvc.Infrastructure.ControllerActionInvoker.<InvokeNextActionFilterAsync>g__Awaited|10_0(ControllerActionInvoker invoker, Task lastTask, State next, Scope scope, Object state, Boolean isCompleted)
   at Microsoft.AspNetCore.Mvc.Infrastructure.ControllerActionInvoker.Rethrow(ActionExecutedContextSealed context)
   at Microsoft.AspNetCore.Mvc.Infrastructure.ControllerActionInvoker.Next(State& next, Scope& scope, Object& state, Boolean& isCompleted)
   at Microsoft.AspNetCore.Mvc.Infrastructure.ControllerActionInvoker.InvokeInnerFilterAsync()
--- End of stack trace from previous location ---
   at Microsoft.AspNetCore.Mvc.Infrastructure.ResourceInvoker.<InvokeNextExceptionFilterAsync>g__Awaited|25_0(ResourceInvoker invoker, Task lastTask, State next, Scope scope, Object state, Boolean isCompleted)
--------------------------------
2021-01-31 11:17:56,082| ERROR 
属性名'CreateTimeMode'不存在类'RoleParam'中
【自定义错误】：属性名'CreateTimeMode'不存在类'RoleParam'中 
【异常类型】：Exception 
【异常信息】：属性名'CreateTimeMode'不存在类'RoleParam'中 
【堆栈调用】：   at LES.Core.Extensions.Others.WhereConditionsExtensions.GetHighSearchModelList[TParam](TParam param, List`1 high_pros) in D:\数瀛信息科技\公司项目\广州西门子原材料立体库\低压线圈\src\LES.Core\LES.Core.Extensions\Others\WhereConditionsExtensions.cs:line 139
   at LES.Core.Extensions.Others.WhereConditionsExtensions.GetWhereConditions[T,TParam](TParam param) in D:\数瀛信息科技\公司项目\广州西门子原材料立体库\低压线圈\src\LES.Core\LES.Core.Extensions\Others\WhereConditionsExtensions.cs:line 99
   at LES.Core.Controllers.RoleController.Get(RoleParam param) in D:\数瀛信息科技\公司项目\广州西门子原材料立体库\低压线圈\src\LES.Core\LES.Core.Api\Controllers\RoleController.cs:line 72
   at lambda_method546(Closure , Object )
   at Microsoft.AspNetCore.Mvc.Infrastructure.ActionMethodExecutor.AwaitableObjectResultExecutor.Execute(IActionResultTypeMapper mapper, ObjectMethodExecutor executor, Object controller, Object[] arguments)
   at Microsoft.AspNetCore.Mvc.Infrastructure.ControllerActionInvoker.<InvokeActionMethodAsync>g__Logged|12_1(ControllerActionInvoker invoker)
   at Microsoft.AspNetCore.Mvc.Infrastructure.ControllerActionInvoker.<InvokeNextActionFilterAsync>g__Awaited|10_0(ControllerActionInvoker invoker, Task lastTask, State next, Scope scope, Object state, Boolean isCompleted)
   at Microsoft.AspNetCore.Mvc.Infrastructure.ControllerActionInvoker.Rethrow(ActionExecutedContextSealed context)
   at Microsoft.AspNetCore.Mvc.Infrastructure.ControllerActionInvoker.Next(State& next, Scope& scope, Object& state, Boolean& isCompleted)
   at Microsoft.AspNetCore.Mvc.Infrastructure.ControllerActionInvoker.InvokeInnerFilterAsync()
--- End of stack trace from previous location ---
   at Microsoft.AspNetCore.Mvc.Infrastructure.ResourceInvoker.<InvokeNextExceptionFilterAsync>g__Awaited|25_0(ResourceInvoker invoker, Task lastTask, State next, Scope scope, Object state, Boolean isCompleted)
--------------------------------
2021-01-31 11:23:21,117| ERROR 
属性名'CreateTimeMode'不存在类'RoleParam'中
【自定义错误】：属性名'CreateTimeMode'不存在类'RoleParam'中 
【异常类型】：Exception 
【异常信息】：属性名'CreateTimeMode'不存在类'RoleParam'中 
【堆栈调用】：   at LES.Core.Extensions.Others.WhereConditionsExtensions.GetHighSearchModelList[TParam](TParam param, List`1 high_pros) in D:\数瀛信息科技\公司项目\广州西门子原材料立体库\低压线圈\src\LES.Core\LES.Core.Extensions\Others\WhereConditionsExtensions.cs:line 139
   at LES.Core.Extensions.Others.WhereConditionsExtensions.GetWhereConditions[T,TParam](TParam param) in D:\数瀛信息科技\公司项目\广州西门子原材料立体库\低压线圈\src\LES.Core\LES.Core.Extensions\Others\WhereConditionsExtensions.cs:line 99
   at LES.Core.Controllers.RoleController.Get(RoleParam param) in D:\数瀛信息科技\公司项目\广州西门子原材料立体库\低压线圈\src\LES.Core\LES.Core.Api\Controllers\RoleController.cs:line 72
   at lambda_method546(Closure , Object )
   at Microsoft.AspNetCore.Mvc.Infrastructure.ActionMethodExecutor.AwaitableObjectResultExecutor.Execute(IActionResultTypeMapper mapper, ObjectMethodExecutor executor, Object controller, Object[] arguments)
   at Microsoft.AspNetCore.Mvc.Infrastructure.ControllerActionInvoker.<InvokeActionMethodAsync>g__Logged|12_1(ControllerActionInvoker invoker)
   at Microsoft.AspNetCore.Mvc.Infrastructure.ControllerActionInvoker.<InvokeNextActionFilterAsync>g__Awaited|10_0(ControllerActionInvoker invoker, Task lastTask, State next, Scope scope, Object state, Boolean isCompleted)
   at Microsoft.AspNetCore.Mvc.Infrastructure.ControllerActionInvoker.Rethrow(ActionExecutedContextSealed context)
   at Microsoft.AspNetCore.Mvc.Infrastructure.ControllerActionInvoker.Next(State& next, Scope& scope, Object& state, Boolean& isCompleted)
   at Microsoft.AspNetCore.Mvc.Infrastructure.ControllerActionInvoker.InvokeInnerFilterAsync()
--- End of stack trace from previous location ---
   at Microsoft.AspNetCore.Mvc.Infrastructure.ResourceInvoker.<InvokeNextExceptionFilterAsync>g__Awaited|25_0(ResourceInvoker invoker, Task lastTask, State next, Scope scope, Object state, Boolean isCompleted)
--------------------------------
2021-01-31 11:58:30,193| ERROR 
Unable to cast object of type 'System.Collections.Generic.List`1[System.String]' to type 'System.String[]'.
【自定义错误】：Unable to cast object of type 'System.Collections.Generic.List`1[System.String]' to type 'System.String[]'. 
【异常类型】：InvalidCastException 
【异常信息】：Unable to cast object of type 'System.Collections.Generic.List`1[System.String]' to type 'System.String[]'. 
【堆栈调用】：   at LES.Core.Extensions.Others.WhereConditionsExtensions.GetHighSearchModelList[TParam](TParam param, List`1 high_pros, List`1& hsmForDatetimeList) in D:\数瀛信息科技\公司项目\广州西门子原材料立体库\低压线圈\src\LES.Core\LES.Core.Extensions\Others\WhereConditionsExtensions.cs:line 152
   at LES.Core.Extensions.Others.WhereConditionsExtensions.GetWhereConditions[T,TParam](TParam param) in D:\数瀛信息科技\公司项目\广州西门子原材料立体库\低压线圈\src\LES.Core\LES.Core.Extensions\Others\WhereConditionsExtensions.cs:line 100
   at LES.Core.Controllers.RoleController.Get(RoleParam param) in D:\数瀛信息科技\公司项目\广州西门子原材料立体库\低压线圈\src\LES.Core\LES.Core.Api\Controllers\RoleController.cs:line 72
   at lambda_method545(Closure , Object )
   at Microsoft.AspNetCore.Mvc.Infrastructure.ActionMethodExecutor.AwaitableObjectResultExecutor.Execute(IActionResultTypeMapper mapper, ObjectMethodExecutor executor, Object controller, Object[] arguments)
   at Microsoft.AspNetCore.Mvc.Infrastructure.ControllerActionInvoker.<InvokeActionMethodAsync>g__Logged|12_1(ControllerActionInvoker invoker)
   at Microsoft.AspNetCore.Mvc.Infrastructure.ControllerActionInvoker.<InvokeNextActionFilterAsync>g__Awaited|10_0(ControllerActionInvoker invoker, Task lastTask, State next, Scope scope, Object state, Boolean isCompleted)
   at Microsoft.AspNetCore.Mvc.Infrastructure.ControllerActionInvoker.Rethrow(ActionExecutedContextSealed context)
   at Microsoft.AspNetCore.Mvc.Infrastructure.ControllerActionInvoker.Next(State& next, Scope& scope, Object& state, Boolean& isCompleted)
   at Microsoft.AspNetCore.Mvc.Infrastructure.ControllerActionInvoker.InvokeInnerFilterAsync()
--- End of stack trace from previous location ---
   at Microsoft.AspNetCore.Mvc.Infrastructure.ResourceInvoker.<InvokeNextExceptionFilterAsync>g__Awaited|25_0(ResourceInvoker invoker, Task lastTask, State next, Scope scope, Object state, Boolean isCompleted)
--------------------------------
2021-01-31 12:04:42,116| ERROR 
Index was out of range. Must be non-negative and less than the size of the collection. (Parameter 'index')
【自定义错误】：Index was out of range. Must be non-negative and less than the size of the collection. (Parameter 'index') 
【异常类型】：ArgumentOutOfRangeException 
【异常信息】：Index was out of range. Must be non-negative and less than the size of the collection. (Parameter 'index') 
【堆栈调用】：   at System.Collections.Generic.List`1.get_Item(Int32 index)
   at LES.Core.Extensions.Others.WhereConditionsExtensions.GetHighSearchModelList[TParam](TParam param, List`1 high_pros, List`1& hsmForDatetimeList) in D:\数瀛信息科技\公司项目\广州西门子原材料立体库\低压线圈\src\LES.Core\LES.Core.Extensions\Others\WhereConditionsExtensions.cs:line 155
   at LES.Core.Extensions.Others.WhereConditionsExtensions.GetWhereConditions[T,TParam](TParam param) in D:\数瀛信息科技\公司项目\广州西门子原材料立体库\低压线圈\src\LES.Core\LES.Core.Extensions\Others\WhereConditionsExtensions.cs:line 100
   at LES.Core.Controllers.RoleController.Get(RoleParam param) in D:\数瀛信息科技\公司项目\广州西门子原材料立体库\低压线圈\src\LES.Core\LES.Core.Api\Controllers\RoleController.cs:line 72
   at lambda_method546(Closure , Object )
   at Microsoft.AspNetCore.Mvc.Infrastructure.ActionMethodExecutor.AwaitableObjectResultExecutor.Execute(IActionResultTypeMapper mapper, ObjectMethodExecutor executor, Object controller, Object[] arguments)
   at Microsoft.AspNetCore.Mvc.Infrastructure.ControllerActionInvoker.<InvokeActionMethodAsync>g__Logged|12_1(ControllerActionInvoker invoker)
   at Microsoft.AspNetCore.Mvc.Infrastructure.ControllerActionInvoker.<InvokeNextActionFilterAsync>g__Awaited|10_0(ControllerActionInvoker invoker, Task lastTask, State next, Scope scope, Object state, Boolean isCompleted)
   at Microsoft.AspNetCore.Mvc.Infrastructure.ControllerActionInvoker.Rethrow(ActionExecutedContextSealed context)
   at Microsoft.AspNetCore.Mvc.Infrastructure.ControllerActionInvoker.Next(State& next, Scope& scope, Object& state, Boolean& isCompleted)
   at Microsoft.AspNetCore.Mvc.Infrastructure.ControllerActionInvoker.InvokeInnerFilterAsync()
--- End of stack trace from previous location ---
   at Microsoft.AspNetCore.Mvc.Infrastructure.ResourceInvoker.<InvokeNextExceptionFilterAsync>g__Awaited|25_0(ResourceInvoker invoker, Task lastTask, State next, Scope scope, Object state, Boolean isCompleted)
--------------------------------
