2021-01-19 11:17:31,723| FATAL 
Unable to start Kestrel.
--------------------------------
System.Net.Sockets.SocketException (10013): 以一种访问权限不允许的方式做了一个访问套接字的尝试。
   at System.Net.Sockets.Socket.UpdateStatusAfterSocketErrorAndThrowException(SocketError error, String callerName)
   at System.Net.Sockets.Socket.DoBind(EndPoint endPointSnapshot, SocketAddress socketAddress)
   at System.Net.Sockets.Socket.Bind(EndPoint localEP)
   at Microsoft.AspNetCore.Server.Kestrel.Transport.Sockets.SocketConnectionListener.<Bind>g__BindSocket|13_0(<>c__DisplayClass13_0& )
   at Microsoft.AspNetCore.Server.Kestrel.Transport.Sockets.SocketConnectionListener.Bind()
   at Microsoft.AspNetCore.Server.Kestrel.Transport.Sockets.SocketTransportFactory.BindAsync(EndPoint endpoint, CancellationToken cancellationToken)
   at Microsoft.AspNetCore.Server.Kestrel.Core.Internal.Infrastructure.TransportManager.BindAsync(EndPoint endPoint, ConnectionDelegate connectionDelegate, EndpointConfig endpointConfig)
   at Microsoft.AspNetCore.Server.Kestrel.Core.KestrelServerImpl.<>c__DisplayClass29_0`1.<<StartAsync>g__OnBind|0>d.MoveNext()
--- End of stack trace from previous location ---
   at Microsoft.AspNetCore.Server.Kestrel.Core.Internal.AddressBinder.BindEndpointAsync(ListenOptions endpoint, AddressBindContext context)
   at Microsoft.AspNetCore.Server.Kestrel.Core.ListenOptions.BindAsync(AddressBindContext context)
   at Microsoft.AspNetCore.Server.Kestrel.Core.AnyIPListenOptions.BindAsync(AddressBindContext context)
   at Microsoft.AspNetCore.Server.Kestrel.Core.Internal.AddressBinder.AddressesStrategy.BindAsync(AddressBindContext context)
   at Microsoft.AspNetCore.Server.Kestrel.Core.Internal.AddressBinder.BindAsync(IEnumerable`1 listenOptions, AddressBindContext context)
   at Microsoft.AspNetCore.Server.Kestrel.Core.KestrelServerImpl.BindAsync(CancellationToken cancellationToken)
   at Microsoft.AspNetCore.Server.Kestrel.Core.KestrelServerImpl.StartAsync[TContext](IHttpApplication`1 application, CancellationToken cancellationToken)
2021-01-19 13:27:19,650| ERROR 
Error occured seeding the Database.
One or more errors occurred. (1、如果使用的是Mysql，生成的数据库字段字符集可能不是utf8的，手动修改下，或者尝试方案：删掉数据库，在连接字符串后加上CharSet=UTF8mb4，重新生成数据库. 
 2、其他错误：English Message : Connection open error . A connection was successfully established with the server, but then an error occurred during the login process. (provider: Shared Memory Provider, error: 0 - 管道的另一端上无任何进程。)
Chinese Message :  连接数据库过程中发生错误，检查服务器是否正常连接字符串是否正确，实在找不到原因请先Google错误信息：A connection was successfully established with the server, but then an error occurred during the login process. (provider: Shared Memory Provider, error: 0 - 管道的另一端上无任何进程。).)
--------------------------------
2021-01-19 13:27:31,478| ERROR 
Error occured seeding the Database.
One or more errors occurred. (1、如果使用的是Mysql，生成的数据库字段字符集可能不是utf8的，手动修改下，或者尝试方案：删掉数据库，在连接字符串后加上CharSet=UTF8mb4，重新生成数据库. 
 2、其他错误：English Message : Connection open error . A connection was successfully established with the server, but then an error occurred during the login process. (provider: Shared Memory Provider, error: 0 - 管道的另一端上无任何进程。)
Chinese Message :  连接数据库过程中发生错误，检查服务器是否正常连接字符串是否正确，实在找不到原因请先Google错误信息：A connection was successfully established with the server, but then an error occurred during the login process. (provider: Shared Memory Provider, error: 0 - 管道的另一端上无任何进程。).)
--------------------------------
