2021-01-29 15:40:10,652| ERROR 
English Message : Expression parsing does not support the current function GetValue. There are many functions available in the SqlFunc class, for example, it=>SqlFunc.HasValue(it.Id)
Chinese Message : 拉姆达解析不支持当前函数GetValue，SqlFunc这个类里面有大量函数可用,也许有你想要的，例如： it=>SqlFunc.HasValue(it.Id)
【自定义错误】：English Message : Expression parsing does not support the current function GetValue. There are many functions available in the SqlFunc class, for example, it=>SqlFunc.HasValue(it.Id)
Chinese Message : 拉姆达解析不支持当前函数GetValue，SqlFunc这个类里面有大量函数可用,也许有你想要的，例如： it=>SqlFunc.HasValue(it.Id) 
【异常类型】：SqlSugarException 
【异常信息】：English Message : Expression parsing does not support the current function GetValue. There are many functions available in the SqlFunc class, for example, it=>SqlFunc.HasValue(it.Id)
Chinese Message : 拉姆达解析不支持当前函数GetValue，SqlFunc这个类里面有大量函数可用,也许有你想要的，例如： it=>SqlFunc.HasValue(it.Id) 
【堆栈调用】：   at SqlSugar.Check.Exception(Boolean isException, String message, String[] args)
   at SqlSugar.MethodCallExpressionResolve.CusMethod(ExpressionParameter parameter, MethodCallExpression express, Nullable`1 isLeft)
   at SqlSugar.MethodCallExpressionResolve.SqlFuncMethod(ExpressionParameter parameter, MethodCallExpression express, Nullable`1 isLeft)
   at SqlSugar.MethodCallExpressionResolve..ctor(ExpressionParameter parameter)
   at SqlSugar.BaseResolve.Start()
   at SqlSugar.BinaryExpressionResolve..ctor(ExpressionParameter parameter)
   at SqlSugar.BaseResolve.Start()
   at SqlSugar.BinaryExpressionResolve..ctor(ExpressionParameter parameter)
   at SqlSugar.BaseResolve.Start()
   at SqlSugar.BinaryExpressionResolve..ctor(ExpressionParameter parameter)
   at SqlSugar.BaseResolve.Start()
   at SqlSugar.LambdaExpressionResolve..ctor(ExpressionParameter parameter)
   at SqlSugar.BaseResolve.Start()
   at SqlSugar.ExpressionContext.Resolve(Expression expression, ResolveExpressType resolveType)
   at SqlSugar.QueryBuilder.GetExpressionValue(Expression expression, ResolveExpressType resolveType)
   at SqlSugar.QueryableProvider`1._Where(Expression expression)
   at SqlSugar.QueryableProvider`1.WhereIF(Boolean isWhere, Expression`1 expression)
   at LES.Core.Repository.Base.BaseRepository`1.QueryPage(Expression`1 whereExpression, Int32 intPageIndex, Int32 intPageSize, String strOrderByFileds) in D:\数瀛信息科技\公司项目\广州西门子原材料立体库\低压线圈\src\LES.Core\LES.Core.Repository\BASE\BaseRepository.cs:line 454
   at LES.Core.Services.BASE.BaseServices`1.QueryPage(Expression`1 whereExpression, Int32 intPageIndex, Int32 intPageSize, String strOrderByFileds) in D:\数瀛信息科技\公司项目\广州西门子原材料立体库\低压线圈\src\LES.Core\LES.Core.Services\BASE\BaseServices.cs:line 314
   at LES.Core.Controllers.RoleController.Get(RoleParam param) in D:\数瀛信息科技\公司项目\广州西门子原材料立体库\低压线圈\src\LES.Core\LES.Core.Api\Controllers\RoleController.cs:line 81
   at lambda_method668(Closure , Object )
   at Microsoft.AspNetCore.Mvc.Infrastructure.ActionMethodExecutor.AwaitableObjectResultExecutor.Execute(IActionResultTypeMapper mapper, ObjectMethodExecutor executor, Object controller, Object[] arguments)
   at Microsoft.AspNetCore.Mvc.Infrastructure.ControllerActionInvoker.<InvokeActionMethodAsync>g__Logged|12_1(ControllerActionInvoker invoker)
   at Microsoft.AspNetCore.Mvc.Infrastructure.ControllerActionInvoker.<InvokeNextActionFilterAsync>g__Awaited|10_0(ControllerActionInvoker invoker, Task lastTask, State next, Scope scope, Object state, Boolean isCompleted)
   at Microsoft.AspNetCore.Mvc.Infrastructure.ControllerActionInvoker.Rethrow(ActionExecutedContextSealed context)
   at Microsoft.AspNetCore.Mvc.Infrastructure.ControllerActionInvoker.Next(State& next, Scope& scope, Object& state, Boolean& isCompleted)
   at Microsoft.AspNetCore.Mvc.Infrastructure.ControllerActionInvoker.InvokeInnerFilterAsync()
--- End of stack trace from previous location ---
   at Microsoft.AspNetCore.Mvc.Infrastructure.ResourceInvoker.<InvokeNextExceptionFilterAsync>g__Awaited|25_0(ResourceInvoker invoker, Task lastTask, State next, Scope scope, Object state, Boolean isCompleted)
--------------------------------
2021-01-29 15:40:24,475| ERROR 
English Message : Expression parsing does not support the current function GetValue. There are many functions available in the SqlFunc class, for example, it=>SqlFunc.HasValue(it.Id)
Chinese Message : 拉姆达解析不支持当前函数GetValue，SqlFunc这个类里面有大量函数可用,也许有你想要的，例如： it=>SqlFunc.HasValue(it.Id)
【自定义错误】：English Message : Expression parsing does not support the current function GetValue. There are many functions available in the SqlFunc class, for example, it=>SqlFunc.HasValue(it.Id)
Chinese Message : 拉姆达解析不支持当前函数GetValue，SqlFunc这个类里面有大量函数可用,也许有你想要的，例如： it=>SqlFunc.HasValue(it.Id) 
【异常类型】：SqlSugarException 
【异常信息】：English Message : Expression parsing does not support the current function GetValue. There are many functions available in the SqlFunc class, for example, it=>SqlFunc.HasValue(it.Id)
Chinese Message : 拉姆达解析不支持当前函数GetValue，SqlFunc这个类里面有大量函数可用,也许有你想要的，例如： it=>SqlFunc.HasValue(it.Id) 
【堆栈调用】：   at SqlSugar.Check.Exception(Boolean isException, String message, String[] args)
   at SqlSugar.MethodCallExpressionResolve.CusMethod(ExpressionParameter parameter, MethodCallExpression express, Nullable`1 isLeft)
   at SqlSugar.MethodCallExpressionResolve.SqlFuncMethod(ExpressionParameter parameter, MethodCallExpression express, Nullable`1 isLeft)
   at SqlSugar.MethodCallExpressionResolve..ctor(ExpressionParameter parameter)
   at SqlSugar.BaseResolve.Start()
   at SqlSugar.BinaryExpressionResolve..ctor(ExpressionParameter parameter)
   at SqlSugar.BaseResolve.Start()
   at SqlSugar.BinaryExpressionResolve..ctor(ExpressionParameter parameter)
   at SqlSugar.BaseResolve.Start()
   at SqlSugar.BinaryExpressionResolve..ctor(ExpressionParameter parameter)
   at SqlSugar.BaseResolve.Start()
   at SqlSugar.LambdaExpressionResolve..ctor(ExpressionParameter parameter)
   at SqlSugar.BaseResolve.Start()
   at SqlSugar.ExpressionContext.Resolve(Expression expression, ResolveExpressType resolveType)
   at SqlSugar.QueryBuilder.GetExpressionValue(Expression expression, ResolveExpressType resolveType)
   at SqlSugar.QueryableProvider`1._Where(Expression expression)
   at SqlSugar.QueryableProvider`1.WhereIF(Boolean isWhere, Expression`1 expression)
   at LES.Core.Repository.Base.BaseRepository`1.QueryPage(Expression`1 whereExpression, Int32 intPageIndex, Int32 intPageSize, String strOrderByFileds) in D:\数瀛信息科技\公司项目\广州西门子原材料立体库\低压线圈\src\LES.Core\LES.Core.Repository\BASE\BaseRepository.cs:line 454
   at LES.Core.Services.BASE.BaseServices`1.QueryPage(Expression`1 whereExpression, Int32 intPageIndex, Int32 intPageSize, String strOrderByFileds) in D:\数瀛信息科技\公司项目\广州西门子原材料立体库\低压线圈\src\LES.Core\LES.Core.Services\BASE\BaseServices.cs:line 314
   at LES.Core.Controllers.RoleController.Get(RoleParam param) in D:\数瀛信息科技\公司项目\广州西门子原材料立体库\低压线圈\src\LES.Core\LES.Core.Api\Controllers\RoleController.cs:line 81
   at lambda_method668(Closure , Object )
   at Microsoft.AspNetCore.Mvc.Infrastructure.ActionMethodExecutor.AwaitableObjectResultExecutor.Execute(IActionResultTypeMapper mapper, ObjectMethodExecutor executor, Object controller, Object[] arguments)
   at Microsoft.AspNetCore.Mvc.Infrastructure.ControllerActionInvoker.<InvokeActionMethodAsync>g__Logged|12_1(ControllerActionInvoker invoker)
   at Microsoft.AspNetCore.Mvc.Infrastructure.ControllerActionInvoker.<InvokeNextActionFilterAsync>g__Awaited|10_0(ControllerActionInvoker invoker, Task lastTask, State next, Scope scope, Object state, Boolean isCompleted)
   at Microsoft.AspNetCore.Mvc.Infrastructure.ControllerActionInvoker.Rethrow(ActionExecutedContextSealed context)
   at Microsoft.AspNetCore.Mvc.Infrastructure.ControllerActionInvoker.Next(State& next, Scope& scope, Object& state, Boolean& isCompleted)
   at Microsoft.AspNetCore.Mvc.Infrastructure.ControllerActionInvoker.InvokeInnerFilterAsync()
--- End of stack trace from previous location ---
   at Microsoft.AspNetCore.Mvc.Infrastructure.ResourceInvoker.<InvokeNextExceptionFilterAsync>g__Awaited|25_0(ResourceInvoker invoker, Task lastTask, State next, Scope scope, Object state, Boolean isCompleted)
--------------------------------
2021-01-29 15:41:52,693| ERROR 
English Message : Expression parsing does not support the current function GetValue. There are many functions available in the SqlFunc class, for example, it=>SqlFunc.HasValue(it.Id)
Chinese Message : 拉姆达解析不支持当前函数GetValue，SqlFunc这个类里面有大量函数可用,也许有你想要的，例如： it=>SqlFunc.HasValue(it.Id)
【自定义错误】：English Message : Expression parsing does not support the current function GetValue. There are many functions available in the SqlFunc class, for example, it=>SqlFunc.HasValue(it.Id)
Chinese Message : 拉姆达解析不支持当前函数GetValue，SqlFunc这个类里面有大量函数可用,也许有你想要的，例如： it=>SqlFunc.HasValue(it.Id) 
【异常类型】：SqlSugarException 
【异常信息】：English Message : Expression parsing does not support the current function GetValue. There are many functions available in the SqlFunc class, for example, it=>SqlFunc.HasValue(it.Id)
Chinese Message : 拉姆达解析不支持当前函数GetValue，SqlFunc这个类里面有大量函数可用,也许有你想要的，例如： it=>SqlFunc.HasValue(it.Id) 
【堆栈调用】：   at SqlSugar.Check.Exception(Boolean isException, String message, String[] args)
   at SqlSugar.MethodCallExpressionResolve.CusMethod(ExpressionParameter parameter, MethodCallExpression express, Nullable`1 isLeft)
   at SqlSugar.MethodCallExpressionResolve.SqlFuncMethod(ExpressionParameter parameter, MethodCallExpression express, Nullable`1 isLeft)
   at SqlSugar.MethodCallExpressionResolve..ctor(ExpressionParameter parameter)
   at SqlSugar.BaseResolve.Start()
   at SqlSugar.BinaryExpressionResolve..ctor(ExpressionParameter parameter)
   at SqlSugar.BaseResolve.Start()
   at SqlSugar.BinaryExpressionResolve..ctor(ExpressionParameter parameter)
   at SqlSugar.BaseResolve.Start()
   at SqlSugar.BinaryExpressionResolve..ctor(ExpressionParameter parameter)
   at SqlSugar.BaseResolve.Start()
   at SqlSugar.LambdaExpressionResolve..ctor(ExpressionParameter parameter)
   at SqlSugar.BaseResolve.Start()
   at SqlSugar.ExpressionContext.Resolve(Expression expression, ResolveExpressType resolveType)
   at SqlSugar.QueryBuilder.GetExpressionValue(Expression expression, ResolveExpressType resolveType)
   at SqlSugar.QueryableProvider`1._Where(Expression expression)
   at SqlSugar.QueryableProvider`1.WhereIF(Boolean isWhere, Expression`1 expression)
   at LES.Core.Repository.Base.BaseRepository`1.QueryPage(Expression`1 whereExpression, Int32 intPageIndex, Int32 intPageSize, String strOrderByFileds) in D:\数瀛信息科技\公司项目\广州西门子原材料立体库\低压线圈\src\LES.Core\LES.Core.Repository\BASE\BaseRepository.cs:line 454
   at LES.Core.Services.BASE.BaseServices`1.QueryPage(Expression`1 whereExpression, Int32 intPageIndex, Int32 intPageSize, String strOrderByFileds) in D:\数瀛信息科技\公司项目\广州西门子原材料立体库\低压线圈\src\LES.Core\LES.Core.Services\BASE\BaseServices.cs:line 314
   at LES.Core.Controllers.RoleController.Get(RoleParam param) in D:\数瀛信息科技\公司项目\广州西门子原材料立体库\低压线圈\src\LES.Core\LES.Core.Api\Controllers\RoleController.cs:line 81
   at lambda_method668(Closure , Object )
   at Microsoft.AspNetCore.Mvc.Infrastructure.ActionMethodExecutor.AwaitableObjectResultExecutor.Execute(IActionResultTypeMapper mapper, ObjectMethodExecutor executor, Object controller, Object[] arguments)
   at Microsoft.AspNetCore.Mvc.Infrastructure.ControllerActionInvoker.<InvokeActionMethodAsync>g__Logged|12_1(ControllerActionInvoker invoker)
   at Microsoft.AspNetCore.Mvc.Infrastructure.ControllerActionInvoker.<InvokeNextActionFilterAsync>g__Awaited|10_0(ControllerActionInvoker invoker, Task lastTask, State next, Scope scope, Object state, Boolean isCompleted)
   at Microsoft.AspNetCore.Mvc.Infrastructure.ControllerActionInvoker.Rethrow(ActionExecutedContextSealed context)
   at Microsoft.AspNetCore.Mvc.Infrastructure.ControllerActionInvoker.Next(State& next, Scope& scope, Object& state, Boolean& isCompleted)
   at Microsoft.AspNetCore.Mvc.Infrastructure.ControllerActionInvoker.InvokeInnerFilterAsync()
--- End of stack trace from previous location ---
   at Microsoft.AspNetCore.Mvc.Infrastructure.ResourceInvoker.<InvokeNextExceptionFilterAsync>g__Awaited|25_0(ResourceInvoker invoker, Task lastTask, State next, Scope scope, Object state, Boolean isCompleted)
--------------------------------
2021-01-29 15:42:29,682| ERROR 
English Message : Expression parsing does not support the current function GetValue. There are many functions available in the SqlFunc class, for example, it=>SqlFunc.HasValue(it.Id)
Chinese Message : 拉姆达解析不支持当前函数GetValue，SqlFunc这个类里面有大量函数可用,也许有你想要的，例如： it=>SqlFunc.HasValue(it.Id)
【自定义错误】：English Message : Expression parsing does not support the current function GetValue. There are many functions available in the SqlFunc class, for example, it=>SqlFunc.HasValue(it.Id)
Chinese Message : 拉姆达解析不支持当前函数GetValue，SqlFunc这个类里面有大量函数可用,也许有你想要的，例如： it=>SqlFunc.HasValue(it.Id) 
【异常类型】：SqlSugarException 
【异常信息】：English Message : Expression parsing does not support the current function GetValue. There are many functions available in the SqlFunc class, for example, it=>SqlFunc.HasValue(it.Id)
Chinese Message : 拉姆达解析不支持当前函数GetValue，SqlFunc这个类里面有大量函数可用,也许有你想要的，例如： it=>SqlFunc.HasValue(it.Id) 
【堆栈调用】：   at SqlSugar.Check.Exception(Boolean isException, String message, String[] args)
   at SqlSugar.MethodCallExpressionResolve.CusMethod(ExpressionParameter parameter, MethodCallExpression express, Nullable`1 isLeft)
   at SqlSugar.MethodCallExpressionResolve.SqlFuncMethod(ExpressionParameter parameter, MethodCallExpression express, Nullable`1 isLeft)
   at SqlSugar.MethodCallExpressionResolve..ctor(ExpressionParameter parameter)
   at SqlSugar.BaseResolve.Start()
   at SqlSugar.BinaryExpressionResolve..ctor(ExpressionParameter parameter)
   at SqlSugar.BaseResolve.Start()
   at SqlSugar.BinaryExpressionResolve..ctor(ExpressionParameter parameter)
   at SqlSugar.BaseResolve.Start()
   at SqlSugar.BinaryExpressionResolve..ctor(ExpressionParameter parameter)
   at SqlSugar.BaseResolve.Start()
   at SqlSugar.LambdaExpressionResolve..ctor(ExpressionParameter parameter)
   at SqlSugar.BaseResolve.Start()
   at SqlSugar.ExpressionContext.Resolve(Expression expression, ResolveExpressType resolveType)
   at SqlSugar.QueryBuilder.GetExpressionValue(Expression expression, ResolveExpressType resolveType)
   at SqlSugar.QueryableProvider`1._Where(Expression expression)
   at SqlSugar.QueryableProvider`1.WhereIF(Boolean isWhere, Expression`1 expression)
   at LES.Core.Repository.Base.BaseRepository`1.QueryPage(Expression`1 whereExpression, Int32 intPageIndex, Int32 intPageSize, String strOrderByFileds) in D:\数瀛信息科技\公司项目\广州西门子原材料立体库\低压线圈\src\LES.Core\LES.Core.Repository\BASE\BaseRepository.cs:line 454
   at LES.Core.Services.BASE.BaseServices`1.QueryPage(Expression`1 whereExpression, Int32 intPageIndex, Int32 intPageSize, String strOrderByFileds) in D:\数瀛信息科技\公司项目\广州西门子原材料立体库\低压线圈\src\LES.Core\LES.Core.Services\BASE\BaseServices.cs:line 314
   at LES.Core.Controllers.RoleController.Get(RoleParam param) in D:\数瀛信息科技\公司项目\广州西门子原材料立体库\低压线圈\src\LES.Core\LES.Core.Api\Controllers\RoleController.cs:line 81
   at lambda_method668(Closure , Object )
   at Microsoft.AspNetCore.Mvc.Infrastructure.ActionMethodExecutor.AwaitableObjectResultExecutor.Execute(IActionResultTypeMapper mapper, ObjectMethodExecutor executor, Object controller, Object[] arguments)
   at Microsoft.AspNetCore.Mvc.Infrastructure.ControllerActionInvoker.<InvokeActionMethodAsync>g__Logged|12_1(ControllerActionInvoker invoker)
   at Microsoft.AspNetCore.Mvc.Infrastructure.ControllerActionInvoker.<InvokeNextActionFilterAsync>g__Awaited|10_0(ControllerActionInvoker invoker, Task lastTask, State next, Scope scope, Object state, Boolean isCompleted)
   at Microsoft.AspNetCore.Mvc.Infrastructure.ControllerActionInvoker.Rethrow(ActionExecutedContextSealed context)
   at Microsoft.AspNetCore.Mvc.Infrastructure.ControllerActionInvoker.Next(State& next, Scope& scope, Object& state, Boolean& isCompleted)
   at Microsoft.AspNetCore.Mvc.Infrastructure.ControllerActionInvoker.InvokeInnerFilterAsync()
--- End of stack trace from previous location ---
   at Microsoft.AspNetCore.Mvc.Infrastructure.ResourceInvoker.<InvokeNextExceptionFilterAsync>g__Awaited|25_0(ResourceInvoker invoker, Task lastTask, State next, Scope scope, Object state, Boolean isCompleted)
--------------------------------
2021-01-29 15:43:15,152| ERROR 
English Message : Expression parsing does not support the current function GetValue. There are many functions available in the SqlFunc class, for example, it=>SqlFunc.HasValue(it.Id)
Chinese Message : 拉姆达解析不支持当前函数GetValue，SqlFunc这个类里面有大量函数可用,也许有你想要的，例如： it=>SqlFunc.HasValue(it.Id)
【自定义错误】：English Message : Expression parsing does not support the current function GetValue. There are many functions available in the SqlFunc class, for example, it=>SqlFunc.HasValue(it.Id)
Chinese Message : 拉姆达解析不支持当前函数GetValue，SqlFunc这个类里面有大量函数可用,也许有你想要的，例如： it=>SqlFunc.HasValue(it.Id) 
【异常类型】：SqlSugarException 
【异常信息】：English Message : Expression parsing does not support the current function GetValue. There are many functions available in the SqlFunc class, for example, it=>SqlFunc.HasValue(it.Id)
Chinese Message : 拉姆达解析不支持当前函数GetValue，SqlFunc这个类里面有大量函数可用,也许有你想要的，例如： it=>SqlFunc.HasValue(it.Id) 
【堆栈调用】：   at SqlSugar.Check.Exception(Boolean isException, String message, String[] args)
   at SqlSugar.MethodCallExpressionResolve.CusMethod(ExpressionParameter parameter, MethodCallExpression express, Nullable`1 isLeft)
   at SqlSugar.MethodCallExpressionResolve.SqlFuncMethod(ExpressionParameter parameter, MethodCallExpression express, Nullable`1 isLeft)
   at SqlSugar.MethodCallExpressionResolve..ctor(ExpressionParameter parameter)
   at SqlSugar.BaseResolve.Start()
   at SqlSugar.BinaryExpressionResolve..ctor(ExpressionParameter parameter)
   at SqlSugar.BaseResolve.Start()
   at SqlSugar.BinaryExpressionResolve..ctor(ExpressionParameter parameter)
   at SqlSugar.BaseResolve.Start()
   at SqlSugar.BinaryExpressionResolve..ctor(ExpressionParameter parameter)
   at SqlSugar.BaseResolve.Start()
   at SqlSugar.LambdaExpressionResolve..ctor(ExpressionParameter parameter)
   at SqlSugar.BaseResolve.Start()
   at SqlSugar.ExpressionContext.Resolve(Expression expression, ResolveExpressType resolveType)
   at SqlSugar.QueryBuilder.GetExpressionValue(Expression expression, ResolveExpressType resolveType)
   at SqlSugar.QueryableProvider`1._Where(Expression expression)
   at SqlSugar.QueryableProvider`1.WhereIF(Boolean isWhere, Expression`1 expression)
   at LES.Core.Repository.Base.BaseRepository`1.QueryPage(Expression`1 whereExpression, Int32 intPageIndex, Int32 intPageSize, String strOrderByFileds) in D:\数瀛信息科技\公司项目\广州西门子原材料立体库\低压线圈\src\LES.Core\LES.Core.Repository\BASE\BaseRepository.cs:line 454
   at LES.Core.Services.BASE.BaseServices`1.QueryPage(Expression`1 whereExpression, Int32 intPageIndex, Int32 intPageSize, String strOrderByFileds) in D:\数瀛信息科技\公司项目\广州西门子原材料立体库\低压线圈\src\LES.Core\LES.Core.Services\BASE\BaseServices.cs:line 314
   at LES.Core.Controllers.RoleController.Get(RoleParam param) in D:\数瀛信息科技\公司项目\广州西门子原材料立体库\低压线圈\src\LES.Core\LES.Core.Api\Controllers\RoleController.cs:line 81
   at lambda_method668(Closure , Object )
   at Microsoft.AspNetCore.Mvc.Infrastructure.ActionMethodExecutor.AwaitableObjectResultExecutor.Execute(IActionResultTypeMapper mapper, ObjectMethodExecutor executor, Object controller, Object[] arguments)
   at Microsoft.AspNetCore.Mvc.Infrastructure.ControllerActionInvoker.<InvokeActionMethodAsync>g__Logged|12_1(ControllerActionInvoker invoker)
   at Microsoft.AspNetCore.Mvc.Infrastructure.ControllerActionInvoker.<InvokeNextActionFilterAsync>g__Awaited|10_0(ControllerActionInvoker invoker, Task lastTask, State next, Scope scope, Object state, Boolean isCompleted)
   at Microsoft.AspNetCore.Mvc.Infrastructure.ControllerActionInvoker.Rethrow(ActionExecutedContextSealed context)
   at Microsoft.AspNetCore.Mvc.Infrastructure.ControllerActionInvoker.Next(State& next, Scope& scope, Object& state, Boolean& isCompleted)
   at Microsoft.AspNetCore.Mvc.Infrastructure.ControllerActionInvoker.InvokeInnerFilterAsync()
--- End of stack trace from previous location ---
   at Microsoft.AspNetCore.Mvc.Infrastructure.ResourceInvoker.<InvokeNextExceptionFilterAsync>g__Awaited|25_0(ResourceInvoker invoker, Task lastTask, State next, Scope scope, Object state, Boolean isCompleted)
--------------------------------
2021-01-29 16:16:41,423| ERROR 
Ambiguous match found.
【自定义错误】：Ambiguous match found. 
【异常类型】：AmbiguousMatchException 
【异常信息】：Ambiguous match found. 
【堆栈调用】：   at System.RuntimeType.GetMethodImplCommon(String name, Int32 genericParameterCount, BindingFlags bindingAttr, Binder binder, CallingConventions callConv, Type[] types, ParameterModifier[] modifiers)
   at System.RuntimeType.GetMethodImpl(String name, BindingFlags bindingAttr, Binder binder, CallingConventions callConv, Type[] types, ParameterModifier[] modifiers)
   at System.Type.GetMethod(String name, BindingFlags bindingAttr)
   at System.Type.GetMethod(String name)
   at LES.Core.Extensions.Others.WhereConditionsExtensions.<>c__DisplayClass0_1`2.<GetWhereConditions>b__1(String x) in D:\数瀛信息科技\公司项目\广州西门子原材料立体库\低压线圈\src\LES.Core\LES.Core.Extensions\Others\WhereConditionsExtensions.cs:line 67
   at System.Collections.Generic.List`1.ForEach(Action`1 action)
   at LES.Core.Extensions.Others.WhereConditionsExtensions.GetWhereConditions[T,TParam](TParam param) in D:\数瀛信息科技\公司项目\广州西门子原材料立体库\低压线圈\src\LES.Core\LES.Core.Extensions\Others\WhereConditionsExtensions.cs:line 62
   at LES.Core.Controllers.RoleController.Get(RoleParam param) in D:\数瀛信息科技\公司项目\广州西门子原材料立体库\低压线圈\src\LES.Core\LES.Core.Api\Controllers\RoleController.cs:line 72
   at lambda_method546(Closure , Object )
   at Microsoft.AspNetCore.Mvc.Infrastructure.ActionMethodExecutor.AwaitableObjectResultExecutor.Execute(IActionResultTypeMapper mapper, ObjectMethodExecutor executor, Object controller, Object[] arguments)
   at Microsoft.AspNetCore.Mvc.Infrastructure.ControllerActionInvoker.<InvokeActionMethodAsync>g__Logged|12_1(ControllerActionInvoker invoker)
   at Microsoft.AspNetCore.Mvc.Infrastructure.ControllerActionInvoker.<InvokeNextActionFilterAsync>g__Awaited|10_0(ControllerActionInvoker invoker, Task lastTask, State next, Scope scope, Object state, Boolean isCompleted)
   at Microsoft.AspNetCore.Mvc.Infrastructure.ControllerActionInvoker.Rethrow(ActionExecutedContextSealed context)
   at Microsoft.AspNetCore.Mvc.Infrastructure.ControllerActionInvoker.Next(State& next, Scope& scope, Object& state, Boolean& isCompleted)
   at Microsoft.AspNetCore.Mvc.Infrastructure.ControllerActionInvoker.InvokeInnerFilterAsync()
--- End of stack trace from previous location ---
   at Microsoft.AspNetCore.Mvc.Infrastructure.ResourceInvoker.<InvokeNextExceptionFilterAsync>g__Awaited|25_0(ResourceInvoker invoker, Task lastTask, State next, Scope scope, Object state, Boolean isCompleted)
--------------------------------
2021-01-29 16:18:20,428| ERROR 
The binary operator OrElse is not defined for the types 'System.String' and 'System.String'.
【自定义错误】：The binary operator OrElse is not defined for the types 'System.String' and 'System.String'. 
【异常类型】：InvalidOperationException 
【异常信息】：The binary operator OrElse is not defined for the types 'System.String' and 'System.String'. 
【堆栈调用】：   at System.Linq.Expressions.Expression.OrElse(Expression left, Expression right, MethodInfo method)
   at System.Linq.Expressions.Expression.OrElse(Expression left, Expression right)
   at LES.Core.Extensions.Others.WhereConditionsExtensions.<>c__DisplayClass0_1`2.<GetWhereConditions>b__1(String x) in D:\数瀛信息科技\公司项目\广州西门子原材料立体库\低压线圈\src\LES.Core\LES.Core.Extensions\Others\WhereConditionsExtensions.cs:line 67
   at System.Collections.Generic.List`1.ForEach(Action`1 action)
   at LES.Core.Extensions.Others.WhereConditionsExtensions.GetWhereConditions[T,TParam](TParam param) in D:\数瀛信息科技\公司项目\广州西门子原材料立体库\低压线圈\src\LES.Core\LES.Core.Extensions\Others\WhereConditionsExtensions.cs:line 62
   at LES.Core.Controllers.RoleController.Get(RoleParam param) in D:\数瀛信息科技\公司项目\广州西门子原材料立体库\低压线圈\src\LES.Core\LES.Core.Api\Controllers\RoleController.cs:line 72
   at lambda_method546(Closure , Object )
   at Microsoft.AspNetCore.Mvc.Infrastructure.ActionMethodExecutor.AwaitableObjectResultExecutor.Execute(IActionResultTypeMapper mapper, ObjectMethodExecutor executor, Object controller, Object[] arguments)
   at Microsoft.AspNetCore.Mvc.Infrastructure.ControllerActionInvoker.<InvokeActionMethodAsync>g__Logged|12_1(ControllerActionInvoker invoker)
   at Microsoft.AspNetCore.Mvc.Infrastructure.ControllerActionInvoker.<InvokeNextActionFilterAsync>g__Awaited|10_0(ControllerActionInvoker invoker, Task lastTask, State next, Scope scope, Object state, Boolean isCompleted)
   at Microsoft.AspNetCore.Mvc.Infrastructure.ControllerActionInvoker.Rethrow(ActionExecutedContextSealed context)
   at Microsoft.AspNetCore.Mvc.Infrastructure.ControllerActionInvoker.Next(State& next, Scope& scope, Object& state, Boolean& isCompleted)
   at Microsoft.AspNetCore.Mvc.Infrastructure.ControllerActionInvoker.InvokeInnerFilterAsync()
--- End of stack trace from previous location ---
   at Microsoft.AspNetCore.Mvc.Infrastructure.ResourceInvoker.<InvokeNextExceptionFilterAsync>g__Awaited|25_0(ResourceInvoker invoker, Task lastTask, State next, Scope scope, Object state, Boolean isCompleted)
--------------------------------
2021-01-29 16:18:30,088| ERROR 
The binary operator OrElse is not defined for the types 'System.String' and 'System.String'.
【自定义错误】：The binary operator OrElse is not defined for the types 'System.String' and 'System.String'. 
【异常类型】：InvalidOperationException 
【异常信息】：The binary operator OrElse is not defined for the types 'System.String' and 'System.String'. 
【堆栈调用】：   at System.Linq.Expressions.Expression.OrElse(Expression left, Expression right, MethodInfo method)
   at System.Linq.Expressions.Expression.OrElse(Expression left, Expression right)
   at LES.Core.Extensions.Others.WhereConditionsExtensions.<>c__DisplayClass0_1`2.<GetWhereConditions>b__1(String x) in D:\数瀛信息科技\公司项目\广州西门子原材料立体库\低压线圈\src\LES.Core\LES.Core.Extensions\Others\WhereConditionsExtensions.cs:line 67
   at System.Collections.Generic.List`1.ForEach(Action`1 action)
   at LES.Core.Extensions.Others.WhereConditionsExtensions.GetWhereConditions[T,TParam](TParam param) in D:\数瀛信息科技\公司项目\广州西门子原材料立体库\低压线圈\src\LES.Core\LES.Core.Extensions\Others\WhereConditionsExtensions.cs:line 62
   at LES.Core.Controllers.RoleController.Get(RoleParam param) in D:\数瀛信息科技\公司项目\广州西门子原材料立体库\低压线圈\src\LES.Core\LES.Core.Api\Controllers\RoleController.cs:line 72
   at lambda_method546(Closure , Object )
   at Microsoft.AspNetCore.Mvc.Infrastructure.ActionMethodExecutor.AwaitableObjectResultExecutor.Execute(IActionResultTypeMapper mapper, ObjectMethodExecutor executor, Object controller, Object[] arguments)
   at Microsoft.AspNetCore.Mvc.Infrastructure.ControllerActionInvoker.<InvokeActionMethodAsync>g__Logged|12_1(ControllerActionInvoker invoker)
   at Microsoft.AspNetCore.Mvc.Infrastructure.ControllerActionInvoker.<InvokeNextActionFilterAsync>g__Awaited|10_0(ControllerActionInvoker invoker, Task lastTask, State next, Scope scope, Object state, Boolean isCompleted)
   at Microsoft.AspNetCore.Mvc.Infrastructure.ControllerActionInvoker.Rethrow(ActionExecutedContextSealed context)
   at Microsoft.AspNetCore.Mvc.Infrastructure.ControllerActionInvoker.Next(State& next, Scope& scope, Object& state, Boolean& isCompleted)
   at Microsoft.AspNetCore.Mvc.Infrastructure.ControllerActionInvoker.InvokeInnerFilterAsync()
--- End of stack trace from previous location ---
   at Microsoft.AspNetCore.Mvc.Infrastructure.ResourceInvoker.<InvokeNextExceptionFilterAsync>g__Awaited|25_0(ResourceInvoker invoker, Task lastTask, State next, Scope scope, Object state, Boolean isCompleted)
--------------------------------
2021-01-29 16:21:11,981| ERROR 
Ambiguous match found.
【自定义错误】：Ambiguous match found. 
【异常类型】：AmbiguousMatchException 
【异常信息】：Ambiguous match found. 
【堆栈调用】：   at System.RuntimeType.GetMethodImplCommon(String name, Int32 genericParameterCount, BindingFlags bindingAttr, Binder binder, CallingConventions callConv, Type[] types, ParameterModifier[] modifiers)
   at System.RuntimeType.GetMethodImpl(String name, BindingFlags bindingAttr, Binder binder, CallingConventions callConv, Type[] types, ParameterModifier[] modifiers)
   at System.Type.GetMethod(String name, BindingFlags bindingAttr)
   at System.Type.GetMethod(String name)
   at LES.Core.Extensions.Others.WhereConditionsExtensions.<>c__DisplayClass0_1`2.<GetWhereConditions>b__1(String x) in D:\数瀛信息科技\公司项目\广州西门子原材料立体库\低压线圈\src\LES.Core\LES.Core.Extensions\Others\WhereConditionsExtensions.cs:line 67
   at System.Collections.Generic.List`1.ForEach(Action`1 action)
   at LES.Core.Extensions.Others.WhereConditionsExtensions.GetWhereConditions[T,TParam](TParam param) in D:\数瀛信息科技\公司项目\广州西门子原材料立体库\低压线圈\src\LES.Core\LES.Core.Extensions\Others\WhereConditionsExtensions.cs:line 62
   at LES.Core.Controllers.RoleController.Get(RoleParam param) in D:\数瀛信息科技\公司项目\广州西门子原材料立体库\低压线圈\src\LES.Core\LES.Core.Api\Controllers\RoleController.cs:line 72
   at lambda_method546(Closure , Object )
   at Microsoft.AspNetCore.Mvc.Infrastructure.ActionMethodExecutor.AwaitableObjectResultExecutor.Execute(IActionResultTypeMapper mapper, ObjectMethodExecutor executor, Object controller, Object[] arguments)
   at Microsoft.AspNetCore.Mvc.Infrastructure.ControllerActionInvoker.<InvokeActionMethodAsync>g__Logged|12_1(ControllerActionInvoker invoker)
   at Microsoft.AspNetCore.Mvc.Infrastructure.ControllerActionInvoker.<InvokeNextActionFilterAsync>g__Awaited|10_0(ControllerActionInvoker invoker, Task lastTask, State next, Scope scope, Object state, Boolean isCompleted)
   at Microsoft.AspNetCore.Mvc.Infrastructure.ControllerActionInvoker.Rethrow(ActionExecutedContextSealed context)
   at Microsoft.AspNetCore.Mvc.Infrastructure.ControllerActionInvoker.Next(State& next, Scope& scope, Object& state, Boolean& isCompleted)
   at Microsoft.AspNetCore.Mvc.Infrastructure.ControllerActionInvoker.InvokeInnerFilterAsync()
--- End of stack trace from previous location ---
   at Microsoft.AspNetCore.Mvc.Infrastructure.ResourceInvoker.<InvokeNextExceptionFilterAsync>g__Awaited|25_0(ResourceInvoker invoker, Task lastTask, State next, Scope scope, Object state, Boolean isCompleted)
--------------------------------
2021-01-29 16:21:23,066| ERROR 
Ambiguous match found.
【自定义错误】：Ambiguous match found. 
【异常类型】：AmbiguousMatchException 
【异常信息】：Ambiguous match found. 
【堆栈调用】：   at System.RuntimeType.GetMethodImplCommon(String name, Int32 genericParameterCount, BindingFlags bindingAttr, Binder binder, CallingConventions callConv, Type[] types, ParameterModifier[] modifiers)
   at System.RuntimeType.GetMethodImpl(String name, BindingFlags bindingAttr, Binder binder, CallingConventions callConv, Type[] types, ParameterModifier[] modifiers)
   at System.Type.GetMethod(String name, BindingFlags bindingAttr)
   at System.Type.GetMethod(String name)
   at LES.Core.Extensions.Others.WhereConditionsExtensions.<>c__DisplayClass0_1`2.<GetWhereConditions>b__1(String x) in D:\数瀛信息科技\公司项目\广州西门子原材料立体库\低压线圈\src\LES.Core\LES.Core.Extensions\Others\WhereConditionsExtensions.cs:line 67
   at System.Collections.Generic.List`1.ForEach(Action`1 action)
   at LES.Core.Extensions.Others.WhereConditionsExtensions.GetWhereConditions[T,TParam](TParam param) in D:\数瀛信息科技\公司项目\广州西门子原材料立体库\低压线圈\src\LES.Core\LES.Core.Extensions\Others\WhereConditionsExtensions.cs:line 62
   at LES.Core.Controllers.RoleController.Get(RoleParam param) in D:\数瀛信息科技\公司项目\广州西门子原材料立体库\低压线圈\src\LES.Core\LES.Core.Api\Controllers\RoleController.cs:line 72
   at lambda_method546(Closure , Object )
   at Microsoft.AspNetCore.Mvc.Infrastructure.ActionMethodExecutor.AwaitableObjectResultExecutor.Execute(IActionResultTypeMapper mapper, ObjectMethodExecutor executor, Object controller, Object[] arguments)
   at Microsoft.AspNetCore.Mvc.Infrastructure.ControllerActionInvoker.<InvokeActionMethodAsync>g__Logged|12_1(ControllerActionInvoker invoker)
   at Microsoft.AspNetCore.Mvc.Infrastructure.ControllerActionInvoker.<InvokeNextActionFilterAsync>g__Awaited|10_0(ControllerActionInvoker invoker, Task lastTask, State next, Scope scope, Object state, Boolean isCompleted)
   at Microsoft.AspNetCore.Mvc.Infrastructure.ControllerActionInvoker.Rethrow(ActionExecutedContextSealed context)
   at Microsoft.AspNetCore.Mvc.Infrastructure.ControllerActionInvoker.Next(State& next, Scope& scope, Object& state, Boolean& isCompleted)
   at Microsoft.AspNetCore.Mvc.Infrastructure.ControllerActionInvoker.InvokeInnerFilterAsync()
--- End of stack trace from previous location ---
   at Microsoft.AspNetCore.Mvc.Infrastructure.ResourceInvoker.<InvokeNextExceptionFilterAsync>g__Awaited|25_0(ResourceInvoker invoker, Task lastTask, State next, Scope scope, Object state, Boolean isCompleted)
--------------------------------
2021-01-29 16:48:50,124| ERROR 
Value cannot be null. (Parameter 'method')
【自定义错误】：Value cannot be null. (Parameter 'method') 
【异常类型】：ArgumentNullException 
【异常信息】：Value cannot be null. (Parameter 'method') 
【堆栈调用】：   at System.Linq.Expressions.Expression.Call(Expression instance, MethodInfo method, Expression arg0)
   at System.Linq.Expressions.Expression.Call(Expression instance, MethodInfo method, IEnumerable`1 arguments)
   at LES.Core.Extensions.Others.PredicateExtensions.GetConditionExpressionForMoreFieldByAnd[T](String[] fieldNames, String fieldValue) in D:\数瀛信息科技\公司项目\广州西门子原材料立体库\低压线圈\src\LES.Core\LES.Core.Extensions\Others\PredicateExtensions.cs:line 123
   at LES.Core.Extensions.Others.WhereConditionsExtensions.GetWhereConditions[T,TParam](TParam param) in D:\数瀛信息科技\公司项目\广州西门子原材料立体库\低压线圈\src\LES.Core\LES.Core.Extensions\Others\WhereConditionsExtensions.cs:line 64
   at LES.Core.Controllers.RoleController.Get(RoleParam param) in D:\数瀛信息科技\公司项目\广州西门子原材料立体库\低压线圈\src\LES.Core\LES.Core.Api\Controllers\RoleController.cs:line 72
   at lambda_method546(Closure , Object )
   at Microsoft.AspNetCore.Mvc.Infrastructure.ActionMethodExecutor.AwaitableObjectResultExecutor.Execute(IActionResultTypeMapper mapper, ObjectMethodExecutor executor, Object controller, Object[] arguments)
   at Microsoft.AspNetCore.Mvc.Infrastructure.ControllerActionInvoker.<InvokeActionMethodAsync>g__Logged|12_1(ControllerActionInvoker invoker)
   at Microsoft.AspNetCore.Mvc.Infrastructure.ControllerActionInvoker.<InvokeNextActionFilterAsync>g__Awaited|10_0(ControllerActionInvoker invoker, Task lastTask, State next, Scope scope, Object state, Boolean isCompleted)
   at Microsoft.AspNetCore.Mvc.Infrastructure.ControllerActionInvoker.Rethrow(ActionExecutedContextSealed context)
   at Microsoft.AspNetCore.Mvc.Infrastructure.ControllerActionInvoker.Next(State& next, Scope& scope, Object& state, Boolean& isCompleted)
   at Microsoft.AspNetCore.Mvc.Infrastructure.ControllerActionInvoker.InvokeInnerFilterAsync()
--- End of stack trace from previous location ---
   at Microsoft.AspNetCore.Mvc.Infrastructure.ResourceInvoker.<InvokeNextExceptionFilterAsync>g__Awaited|25_0(ResourceInvoker invoker, Task lastTask, State next, Scope scope, Object state, Boolean isCompleted)
--------------------------------
